<?xml version="1.0" encoding="UTF-8"?>
<!-- Generated by org.testng.reporters.JUnitXMLReporter -->
<testsuite ignored="0" hostname="DELL" failures="1" tests="1" name="Default test(failed)" time="47.977" errors="0" timestamp="2025-09-24T21:13:47 IST">
  <testcase classname="testCases.TC_Addadminusers" name="verifyadminuser" time="20.1">
    <failure type="java.lang.AssertionError" message="null">
      <![CDATA[java.lang.AssertionError: null
at testCases.TC_Addadminusers.verifyadminuser(TC_Addadminusers.java:46)
at java.base/java.util.ArrayList.forEach(ArrayList.java:1597)
... Removed 27 stack frames]]>
    </failure>
  </testcase> <!-- verifyadminuser -->
</testsuite> <!-- Default test(failed) -->
