<?xml version="1.0" encoding="UTF-8"?>
<testng-results ignored="0" total="2" passed="2" failed="0" skipped="0">
  <reporter-output>
  </reporter-output>
  <suite started-at="2025-10-24T13:27:00 IST" name="Suite" finished-at="2025-10-24T13:27:25 IST" duration-ms="24646">
    <groups>
      <group name="Master">
        <method signature="TC01_Loginpage.verifylogin()[pri:0, instance:testCases.TC01_Loginpage@44c03695]" name="verifylogin" class="testCases.TC01_Loginpage"/>
        <method signature="TC_Addadminusers.verifyadminuser()[pri:0, instance:testCases.TC_Addadminusers@7586beff]" name="verifyadminuser" class="testCases.TC_Addadminusers"/>
      </group> <!-- Master -->
      <group name="Sanity">
        <method signature="TC01_Loginpage.verifylogin()[pri:0, instance:testCases.TC01_Loginpage@44c03695]" name="verifylogin" class="testCases.TC01_Loginpage"/>
      </group> <!-- Sanity -->
      <group name="Regression">
        <method signature="TC_Addadminusers.verifyadminuser()[pri:0, instance:testCases.TC_Addadminusers@7586beff]" name="verifyadminuser" class="testCases.TC_Addadminusers"/>
      </group> <!-- Regression -->
    </groups>
    <test started-at="2025-10-24T13:27:00 IST" name="Test" finished-at="2025-10-24T13:27:25 IST" duration-ms="24646">
      <class name="testCases.TC_Addadminusers">
        <test-method is-config="true" signature="setup(java.lang.String,java.lang.String)[pri:0, instance:testCases.TC_Addadminusers@7586beff]" started-at="2025-10-24T13:27:00 IST" name="setup" finished-at="2025-10-24T13:27:07 IST" duration-ms="7335" status="PASS">
          <params>
            <param index="0">
              <value>
                <![CDATA[windows]]>
              </value>
            </param>
            <param index="1">
              <value>
                <![CDATA[chrome]]>
              </value>
            </param>
          </params>
          <reporter-output>
          </reporter-output>
        </test-method> <!-- setup -->
        <test-method signature="verifyadminuser()[pri:0, instance:testCases.TC_Addadminusers@7586beff]" started-at="2025-10-24T13:27:07 IST" name="verifyadminuser" finished-at="2025-10-24T13:27:17 IST" duration-ms="9537" status="PASS">
          <reporter-output>
          </reporter-output>
        </test-method> <!-- verifyadminuser -->
        <test-method is-config="true" signature="teardown()[pri:0, instance:testCases.TC_Addadminusers@7586beff]" started-at="2025-10-24T13:27:17 IST" name="teardown" finished-at="2025-10-24T13:27:17 IST" duration-ms="270" status="PASS">
          <reporter-output>
          </reporter-output>
        </test-method> <!-- teardown -->
      </class> <!-- testCases.TC_Addadminusers -->
      <class name="testCases.TC01_Loginpage">
        <test-method is-config="true" signature="setup(java.lang.String,java.lang.String)[pri:0, instance:testCases.TC01_Loginpage@44c03695]" started-at="2025-10-24T13:27:17 IST" name="setup" finished-at="2025-10-24T13:27:23 IST" duration-ms="6099" status="PASS">
          <params>
            <param index="0">
              <value>
                <![CDATA[windows]]>
              </value>
            </param>
            <param index="1">
              <value>
                <![CDATA[chrome]]>
              </value>
            </param>
          </params>
          <reporter-output>
          </reporter-output>
        </test-method> <!-- setup -->
        <test-method signature="verifylogin()[pri:0, instance:testCases.TC01_Loginpage@44c03695]" started-at="2025-10-24T13:27:23 IST" name="verifylogin" finished-at="2025-10-24T13:27:24 IST" duration-ms="1101" status="PASS">
          <reporter-output>
          </reporter-output>
        </test-method> <!-- verifylogin -->
        <test-method is-config="true" signature="teardown()[pri:0, instance:testCases.TC01_Loginpage@44c03695]" started-at="2025-10-24T13:27:24 IST" name="teardown" finished-at="2025-10-24T13:27:25 IST" duration-ms="226" status="PASS">
          <reporter-output>
          </reporter-output>
        </test-method> <!-- teardown -->
      </class> <!-- testCases.TC01_Loginpage -->
    </test> <!-- Test -->
  </suite> <!-- Suite -->
</testng-results>
