<?xml version="1.0" encoding="UTF-8"?>
<testng-results ignored="0" total="2" passed="2" failed="0" skipped="0">
  <reporter-output>
  </reporter-output>
  <suite started-at="2025-10-06T20:57:02 IST" name="Suite" finished-at="2025-10-06T20:58:03 IST" duration-ms="60628">
    <groups>
      <group name="Master">
        <method signature="TC01_Loginpage.verifylogin()[pri:0, instance:testCases.TC01_Loginpage@7b02881e]" name="verifylogin" class="testCases.TC01_Loginpage"/>
        <method signature="TC_Addadminusers.verifyadminuser()[pri:0, instance:testCases.TC_Addadminusers@6e509ffa]" name="verifyadminuser" class="testCases.TC_Addadminusers"/>
      </group> <!-- Master -->
      <group name="Sanity">
        <method signature="TC01_Loginpage.verifylogin()[pri:0, instance:testCases.TC01_Loginpage@7b02881e]" name="verifylogin" class="testCases.TC01_Loginpage"/>
      </group> <!-- Sanity -->
      <group name="Regression">
        <method signature="TC_Addadminusers.verifyadminuser()[pri:0, instance:testCases.TC_Addadminusers@6e509ffa]" name="verifyadminuser" class="testCases.TC_Addadminusers"/>
      </group> <!-- Regression -->
    </groups>
    <test started-at="2025-10-06T20:57:02 IST" name="Test" finished-at="2025-10-06T20:58:03 IST" duration-ms="60628">
      <class name="testCases.TC_Addadminusers">
        <test-method is-config="true" signature="setup(java.lang.String,java.lang.String)[pri:0, instance:testCases.TC_Addadminusers@6e509ffa]" started-at="2025-10-06T20:57:38 IST" name="setup" finished-at="2025-10-06T20:57:47 IST" duration-ms="9144" status="PASS">
          <params>
            <param index="0">
              <value>
                <![CDATA[windows]]>
              </value>
            </param>
            <param index="1">
              <value>
                <![CDATA[chrome]]>
              </value>
            </param>
          </params>
          <reporter-output>
          </reporter-output>
        </test-method> <!-- setup -->
        <test-method signature="verifyadminuser()[pri:0, instance:testCases.TC_Addadminusers@6e509ffa]" started-at="2025-10-06T20:57:47 IST" name="verifyadminuser" finished-at="2025-10-06T20:58:02 IST" duration-ms="15496" status="PASS">
          <reporter-output>
          </reporter-output>
        </test-method> <!-- verifyadminuser -->
        <test-method is-config="true" signature="teardown()[pri:0, instance:testCases.TC_Addadminusers@6e509ffa]" started-at="2025-10-06T20:58:02 IST" name="teardown" finished-at="2025-10-06T20:58:03 IST" duration-ms="228" status="PASS">
          <reporter-output>
          </reporter-output>
        </test-method> <!-- teardown -->
      </class> <!-- testCases.TC_Addadminusers -->
      <class name="testCases.TC01_Loginpage">
        <test-method is-config="true" signature="setup(java.lang.String,java.lang.String)[pri:0, instance:testCases.TC01_Loginpage@7b02881e]" started-at="2025-10-06T20:57:02 IST" name="setup" finished-at="2025-10-06T20:57:33 IST" duration-ms="30622" status="PASS">
          <params>
            <param index="0">
              <value>
                <![CDATA[windows]]>
              </value>
            </param>
            <param index="1">
              <value>
                <![CDATA[chrome]]>
              </value>
            </param>
          </params>
          <reporter-output>
          </reporter-output>
        </test-method> <!-- setup -->
        <test-method signature="verifylogin()[pri:0, instance:testCases.TC01_Loginpage@7b02881e]" started-at="2025-10-06T20:57:33 IST" name="verifylogin" finished-at="2025-10-06T20:57:37 IST" duration-ms="4336" status="PASS">
          <reporter-output>
          </reporter-output>
        </test-method> <!-- verifylogin -->
        <test-method is-config="true" signature="teardown()[pri:0, instance:testCases.TC01_Loginpage@7b02881e]" started-at="2025-10-06T20:57:37 IST" name="teardown" finished-at="2025-10-06T20:57:38 IST" duration-ms="275" status="PASS">
          <reporter-output>
          </reporter-output>
        </test-method> <!-- teardown -->
      </class> <!-- testCases.TC01_Loginpage -->
    </test> <!-- Test -->
  </suite> <!-- Suite -->
</testng-results>
